(INFO) [2026-05-31 06:32:16,987] Facebook Auto Poster started
(INFO) [2026-05-31 06:32:16,989] config loaded successfully...
(INFO) [2026-05-31 06:32:16,989] last_batch.csv successfully loaded...
(INFO) [2026-05-31 06:32:16,989] attempting to fetch recent arrests...
(INFO) [2026-05-31 06:32:17,883] successfully retrieved 20 arrest(s)...
(INFO) [2026-05-31 06:32:17,883] removing arrests with no image...
(INFO) [2026-05-31 06:32:17,883] removing duplicate posts...
(INFO) [2026-05-31 06:32:17,883] attempting to post arrest 1 out of 18...
(ERROR) [2026-05-31 06:32:18,068] Error posting to Facebook: 400 Client Error: Bad Request for url: https://graph.facebook.com/v24.0/954450261086351/photos
(ERROR) [2026-05-31 06:32:18,069] Fatal error: 400 Client Error: Bad Request for url: https://graph.facebook.com/v24.0/954450261086351/photos
Traceback (most recent call last):
  File "/home/runner/work/facebook_auto_poster/facebook_auto_poster/facebook_auto_poster.py", line 217, in main
    new_batch = post_all_arrests(arrests, config)
                ^^^^^^^^^^^^^^^^^^^^^^^^^^^^^^^^^
  File "/home/runner/work/facebook_auto_poster/facebook_auto_poster/facebook_auto_poster.py", line 97, in post_all_arrests
    post_to_page(
  File "/home/runner/work/facebook_auto_poster/facebook_auto_poster/facebook_auto_poster.py", line 160, in post_to_page
    r.raise_for_status()
  File "/opt/hostedtoolcache/Python/3.12.13/x64/lib/python3.12/site-packages/requests/models.py", line 1021, in raise_for_status
    raise HTTPError(http_error_msg, response=self)
requests.exceptions.HTTPError: 400 Client Error: Bad Request for url: https://graph.facebook.com/v24.0/954450261086351/photos
